[debug] [2021-10-11T16:36:58.408Z] ----------------------------------------------------------------------
[debug] [2021-10-11T16:36:58.410Z] Command:       C:\Program Files\nodejs\node.exe C:\Users\Dell\AppData\Roaming\npm\node_modules\firebase-tools\lib\bin\firebase.js deploy
[debug] [2021-10-11T16:36:58.411Z] CLI Version:   9.20.0
[debug] [2021-10-11T16:36:58.411Z] Platform:      win32
[debug] [2021-10-11T16:36:58.411Z] Node Version:  v14.18.0
[debug] [2021-10-11T16:36:58.412Z] Time:          Mon Oct 11 2021 18:36:58 GMT+0200 (توقيت شرق أوروبا الرسمي)
[debug] [2021-10-11T16:36:58.412Z] ----------------------------------------------------------------------
[debug] 
[debug] [2021-10-11T16:36:58.468Z] > command requires scopes: ["email","openid","https://www.googleapis.com/auth/cloudplatformprojects.readonly","https://www.googleapis.com/auth/firebase","https://www.googleapis.com/auth/cloud-platform"]
[debug] [2021-10-11T16:36:58.468Z] > authorizing via signed-in user (mohamed.ahmed.aly.d@gmail.com)
[debug] [2021-10-11T16:36:58.468Z] [iam] checking project oshop-43969 for permissions ["firebase.projects.get","firebasehosting.sites.update"]
[debug] [2021-10-11T16:36:58.471Z] > refreshing access token with scopes: ["email","https://www.googleapis.com/auth/cloud-platform","https://www.googleapis.com/auth/cloudplatformprojects.readonly","https://www.googleapis.com/auth/firebase","openid"]
[debug] [2021-10-11T16:36:58.471Z] >>> HTTP REQUEST POST https://www.googleapis.com/oauth2/v3/token  
 <request body omitted>
[debug] [2021-10-11T16:36:58.706Z] <<< HTTP RESPONSE 200 {"cache-control":"no-cache, no-store, max-age=0, must-revalidate","pragma":"no-cache","date":"Mon, 11 Oct 2021 16:36:58 GMT","expires":"Mon, 01 Jan 1990 00:00:00 GMT","content-type":"application/json; charset=utf-8","vary":"X-Origin, Referer, Origin,Accept-Encoding","server":"scaffolding on HTTPServer2","x-xss-protection":"0","x-frame-options":"SAMEORIGIN","x-content-type-options":"nosniff","alt-svc":"h3=\":443\"; ma=2592000,h3-29=\":443\"; ma=2592000,h3-T051=\":443\"; ma=2592000,h3-Q050=\":443\"; ma=2592000,h3-Q046=\":443\"; ma=2592000,h3-Q043=\":443\"; ma=2592000,quic=\":443\"; ma=2592000; v=\"46,43\"","accept-ranges":"none","transfer-encoding":"chunked"}
[debug] [2021-10-11T16:36:58.729Z] >>> HTTP REQUEST POST https://cloudresourcemanager.googleapis.com/v1/projects/oshop-43969:testIamPermissions  
 {"permissions":["firebase.projects.get","firebasehosting.sites.update"]}
[debug] [2021-10-11T16:36:59.583Z] <<< HTTP RESPONSE 200 {"content-type":"application/json; charset=UTF-8","vary":"X-Origin, Referer, Origin,Accept-Encoding","date":"Mon, 11 Oct 2021 16:36:59 GMT","server":"ESF","cache-control":"private","x-xss-protection":"0","x-frame-options":"SAMEORIGIN","x-content-type-options":"nosniff","server-timing":"gfet4t7; dur=635","alt-svc":"h3=\":443\"; ma=2592000,h3-29=\":443\"; ma=2592000,h3-T051=\":443\"; ma=2592000,h3-Q050=\":443\"; ma=2592000,h3-Q046=\":443\"; ma=2592000,h3-Q043=\":443\"; ma=2592000,quic=\":443\"; ma=2592000; v=\"46,43\"","accept-ranges":"none","transfer-encoding":"chunked"}
[debug] [2021-10-11T16:36:59.585Z] > refreshing access token with scopes: []
[debug] [2021-10-11T16:36:59.585Z] >>> HTTP REQUEST POST https://www.googleapis.com/oauth2/v3/token  
 <request body omitted>
[debug] [2021-10-11T16:36:59.770Z] <<< HTTP RESPONSE 200 {"expires":"Mon, 01 Jan 1990 00:00:00 GMT","cache-control":"no-cache, no-store, max-age=0, must-revalidate","pragma":"no-cache","date":"Mon, 11 Oct 2021 16:36:59 GMT","content-type":"application/json; charset=utf-8","vary":"X-Origin, Referer, Origin,Accept-Encoding","server":"scaffolding on HTTPServer2","x-xss-protection":"0","x-frame-options":"SAMEORIGIN","x-content-type-options":"nosniff","alt-svc":"h3=\":443\"; ma=2592000,h3-29=\":443\"; ma=2592000,h3-T051=\":443\"; ma=2592000,h3-Q050=\":443\"; ma=2592000,h3-Q046=\":443\"; ma=2592000,h3-Q043=\":443\"; ma=2592000,quic=\":443\"; ma=2592000; v=\"46,43\"","accept-ranges":"none","transfer-encoding":"chunked"}
[debug] [2021-10-11T16:36:59.782Z] >>> [apiv2][query] GET https://firebase.googleapis.com/v1beta1/projects/oshop-43969 [none]
[debug] [2021-10-11T16:37:22.520Z] <<< [apiv2][status] GET https://firebase.googleapis.com/v1beta1/projects/oshop-43969 503
[debug] [2021-10-11T16:37:22.520Z] <<< [apiv2][body] GET https://firebase.googleapis.com/v1beta1/projects/oshop-43969 {"error":{"code":503,"message":"Deadline exceeded from RTDB Metadata Server.","status":"UNAVAILABLE"}}
[debug] [2021-10-11T16:37:22.521Z] HTTP Error: 503, Deadline exceeded from RTDB Metadata Server.
[debug] [2021-10-11T16:37:22.701Z] FirebaseError: HTTP Error: 503, Deadline exceeded from RTDB Metadata Server.
    at module.exports (C:\Users\Dell\AppData\Roaming\npm\node_modules\firebase-tools\lib\responseToError.js:38:12)
    at Client.doRequest (C:\Users\Dell\AppData\Roaming\npm\node_modules\firebase-tools\lib\apiv2.js:238:23)
    at processTicksAndRejections (internal/process/task_queues.js:95:5)
    at async Client.request (C:\Users\Dell\AppData\Roaming\npm\node_modules\firebase-tools\lib\apiv2.js:96:20)
    at async Object.getFirebaseProject (C:\Users\Dell\AppData\Roaming\npm\node_modules\firebase-tools\lib\management\projects.js:290:21)
    at async Object.getDefaultHostingSite (C:\Users\Dell\AppData\Roaming\npm\node_modules\firebase-tools\lib\getDefaultHostingSite.js:8:21)
    at async requireHostingSite (C:\Users\Dell\AppData\Roaming\npm\node_modules\firebase-tools\lib\requireHostingSite.js:9:18)
    at async Object.fn (C:\Users\Dell\AppData\Roaming\npm\node_modules\firebase-tools\lib\commands\deploy.js:65:9)
    at async C:\Users\Dell\AppData\Roaming\npm\node_modules\firebase-tools\lib\command.js:188:17
[error] 
[error] Error: Failed to get Firebase project oshop-43969. Please make sure the project exists and your account has permission to access it.
